fastBloodCheck/build/outputs/logs/manifest-merger-debug-report.txt
-- Merging decision tree log ---
manifest
ADDED from src\main\AndroidManifest.xml:2:1-65:12
	package
		ADDED from src\main\AndroidManifest.xml:3:5-33
		INJECTED from src\main\AndroidManifest.xml
		INJECTED from src\main\AndroidManifest.xml
	android:versionName
		ADDED from src\main\AndroidManifest.xml:5:5-30
		INJECTED from src\main\AndroidManifest.xml
		INJECTED from src\main\AndroidManifest.xml
	android:versionCode
		ADDED from src\main\AndroidManifest.xml:4:5-28
		INJECTED from src\main\AndroidManifest.xml
		INJECTED from src\main\AndroidManifest.xml
	xmlns:android
		ADDED from src\main\AndroidManifest.xml:2:11-69
uses-sdk
ADDED from src\main\AndroidManifest.xml:7:5-9:41
	android:targetSdkVersion
		ADDED from src\main\AndroidManifest.xml:9:9-38
		INJECTED from src\main\AndroidManifest.xml
		INJECTED from src\main\AndroidManifest.xml
	android:minSdkVersion
		ADDED from src\main\AndroidManifest.xml:8:9-35
		INJECTED from src\main\AndroidManifest.xml
		INJECTED from src\main\AndroidManifest.xml
uses-permission#android.permission.WAKE_LOCK
ADDED from src\main\AndroidManifest.xml:11:5-68
	android:name
		ADDED from src\main\AndroidManifest.xml:11:22-65
uses-permission#android.permission.RECORD_AUDIO
ADDED from src\main\AndroidManifest.xml:12:5-71
	android:name
		ADDED from src\main\AndroidManifest.xml:12:22-68
uses-permission#android.permission.WRITE_EXTERNAL_STORAGE
ADDED from src\main\AndroidManifest.xml:13:5-81
	android:name
		ADDED from src\main\AndroidManifest.xml:13:22-78
uses-permission#android.permission.RECEIVE_SMS
ADDED from src\main\AndroidManifest.xml:14:5-70
	android:name
		ADDED from src\main\AndroidManifest.xml:14:22-67
uses-permission#android.permission.SEND_SMS
ADDED from src\main\AndroidManifest.xml:15:5-67
	android:name
		ADDED from src\main\AndroidManifest.xml:15:22-64
uses-permission#android.permission.BLUETOOTH
ADDED from src\main\AndroidManifest.xml:16:5-84
	android:name
		ADDED from src\main\AndroidManifest.xml:16:22-65
uses-permission#android.permission.BLUETOOTH_ADMIN
ADDED from src\main\AndroidManifest.xml:17:5-90
	android:name
		ADDED from src\main\AndroidManifest.xml:17:22-71
uses-permission#android.permission.MOUNT_UNMOUNT_FILESYSTEMS
ADDED from src\main\AndroidManifest.xml:19:5-84
	android:name
		ADDED from src\main\AndroidManifest.xml:19:22-81
uses-permission#android.permission.INTERNET
ADDED from src\main\AndroidManifest.xml:20:5-67
	android:name
		ADDED from src\main\AndroidManifest.xml:20:22-64
uses-permission#android.permission.CAMERA
ADDED from src\main\AndroidManifest.xml:22:5-65
	android:name
		ADDED from src\main\AndroidManifest.xml:22:22-62
android:uses-permission#android.permission.READ_PHONE_STATE
ADDED from src\main\AndroidManifest.xml:24:5-83
	android:name
		ADDED from src\main\AndroidManifest.xml:24:30-80
android:uses-permission#android.permission.READ_EXTERNAL_STORAGE
ADDED from src\main\AndroidManifest.xml:25:5-88
	android:name
		ADDED from src\main\AndroidManifest.xml:25:30-85
application
ADDED from src\main\AndroidManifest.xml:27:5-63:19
	android:label
		ADDED from src\main\AndroidManifest.xml:30:9-41
	android:allowBackup
		ADDED from src\main\AndroidManifest.xml:28:9-35
	android:icon
		ADDED from src\main\AndroidManifest.xml:29:9-42
	android:theme
		ADDED from src\main\AndroidManifest.xml:31:9-40
activity#com.WelcomeActivity
ADDED from src\main\AndroidManifest.xml:32:9-40:20
	android:label
		ADDED from src\main\AndroidManifest.xml:34:13-45
	android:name
		ADDED from src\main\AndroidManifest.xml:33:13-47
intent-filter#android.intent.action.MAIN+android.intent.category.LAUNCHER
ADDED from src\main\AndroidManifest.xml:35:13-39:29
action#android.intent.action.MAIN
ADDED from src\main\AndroidManifest.xml:36:17-69
	android:name
		ADDED from src\main\AndroidManifest.xml:36:25-66
category#android.intent.category.LAUNCHER
ADDED from src\main\AndroidManifest.xml:38:17-77
	android:name
		ADDED from src\main\AndroidManifest.xml:38:27-74
activity#com.LoginActivity
ADDED from src\main\AndroidManifest.xml:41:9-44:67
	android:windowSoftInputMode
		ADDED from src\main\AndroidManifest.xml:44:13-55
	android:theme
		ADDED from src\main\AndroidManifest.xml:43:13-60
	android:name
		ADDED from src\main\AndroidManifest.xml:42:13-45
activity#com.Register.RegisterActivity
ADDED from src\main\AndroidManifest.xml:45:9-48:67
	android:windowSoftInputMode
		ADDED from src\main\AndroidManifest.xml:48:13-55
	android:theme
		ADDED from src\main\AndroidManifest.xml:47:13-60
	android:name
		ADDED from src\main\AndroidManifest.xml:46:13-57
activity#com.BlueTooth.SettingBlueToothActivity
ADDED from src\main\AndroidManifest.xml:49:9-84
	android:name
		ADDED from src\main\AndroidManifest.xml:49:19-72
activity#com.FileManager.FileManagerActivity
ADDED from src\main\AndroidManifest.xml:50:9-81
	android:name
		ADDED from src\main\AndroidManifest.xml:50:19-69
activity#com.BloodPressure.BloodPressureActivity
ADDED from src\main\AndroidManifest.xml:51:9-85
	android:name
		ADDED from src\main\AndroidManifest.xml:51:19-73
activity#com.BloodSugar.BloodSugarActivity
ADDED from src\main\AndroidManifest.xml:52:9-79
	android:name
		ADDED from src\main\AndroidManifest.xml:52:19-67
activity#com.HeartAuscultation.HeartListen
ADDED from src\main\AndroidManifest.xml:53:9-79
	android:name
		ADDED from src\main\AndroidManifest.xml:53:19-67
activity#com.AskHelp.SystemHelp
ADDED from src\main\AndroidManifest.xml:54:9-68
	android:name
		ADDED from src\main\AndroidManifest.xml:54:19-56
activity#com.MainTabHost
ADDED from src\main\AndroidManifest.xml:55:9-61
	android:name
		ADDED from src\main\AndroidManifest.xml:55:19-49
activity#com.AskHelp.OpreattingDetailsHelp
ADDED from src\main\AndroidManifest.xml:56:9-79
	android:name
		ADDED from src\main\AndroidManifest.xml:56:19-67
activity#com.FileManager.TakePhotoes
ADDED from src\main\AndroidManifest.xml:57:9-64
	android:name
		ADDED from src\main\AndroidManifest.xml:57:19-61
service#com.NetWork.ReponseService
ADDED from src\main\AndroidManifest.xml:59:9-62:47
	android:enabled
		ADDED from src\main\AndroidManifest.xml:61:13-35
	android:exported
		ADDED from src\main\AndroidManifest.xml:62:13-36
	android:name
		ADDED from src\main\AndroidManifest.xml:60:13-54